2020-08-19T12:13:10.789Z [right meow!] info: Ping
2020-08-19T12:21:03.299Z [72e37a90-e216-11ea-b59f-eb05780c117b] info: Ping
2020-08-19T12:44:02.335Z [undefined] error: uncaughtException: Route.post() requires a callback function but got a [object Undefined]
Error: Route.post() requires a callback function but got a [object Undefined]
    at Route.(anonymous function) [as post] (/Users/rohandua/Desktop/Square Panda/universal-logger/node_modules/express/lib/router/route.js:202:15)
    at Function.proto.(anonymous function) [as post] (/Users/rohandua/Desktop/Square Panda/universal-logger/node_modules/express/lib/router/index.js:510:19)
    at Object.<anonymous> (/Users/rohandua/Desktop/Square Panda/universal-logger/routes.js:13:8)
    at Module._compile (internal/modules/cjs/loader.js:778:30)
    at Object.Module._extensions..js (internal/modules/cjs/loader.js:789:10)
    at Module.load (internal/modules/cjs/loader.js:653:32)
    at tryModuleLoad (internal/modules/cjs/loader.js:593:12)
    at Function.Module._load (internal/modules/cjs/loader.js:585:3)
    at Module.require (internal/modules/cjs/loader.js:692:17)
    at require (internal/modules/cjs/helpers.js:25:18)
2020-08-19T12:44:53.616Z [undefined] error: uncaughtException: Cannot find module './middleware/logger'
Error: Cannot find module './middleware/logger'
    at Function.Module._resolveFilename (internal/modules/cjs/loader.js:636:15)
    at Function.Module._load (internal/modules/cjs/loader.js:562:25)
    at Module.require (internal/modules/cjs/loader.js:692:17)
    at require (internal/modules/cjs/helpers.js:25:18)
    at Object.<anonymous> (/Users/rohandua/Desktop/Square Panda/universal-logger/controller/userCreate.js:2:16)
    at Module._compile (internal/modules/cjs/loader.js:778:30)
    at Object.Module._extensions..js (internal/modules/cjs/loader.js:789:10)
    at Module.load (internal/modules/cjs/loader.js:653:32)
    at tryModuleLoad (internal/modules/cjs/loader.js:593:12)
    at Function.Module._load (internal/modules/cjs/loader.js:585:3)
2020-08-19T12:45:22.351Z [undefined] error: uncaughtException: Route.put() requires a callback function but got a [object Undefined]
Error: Route.put() requires a callback function but got a [object Undefined]
    at Route.(anonymous function) [as put] (/Users/rohandua/Desktop/Square Panda/universal-logger/node_modules/express/lib/router/route.js:202:15)
    at Function.proto.(anonymous function) [as put] (/Users/rohandua/Desktop/Square Panda/universal-logger/node_modules/express/lib/router/index.js:510:19)
    at Object.<anonymous> (/Users/rohandua/Desktop/Square Panda/universal-logger/routes.js:15:8)
    at Module._compile (internal/modules/cjs/loader.js:778:30)
    at Object.Module._extensions..js (internal/modules/cjs/loader.js:789:10)
    at Module.load (internal/modules/cjs/loader.js:653:32)
    at tryModuleLoad (internal/modules/cjs/loader.js:593:12)
    at Function.Module._load (internal/modules/cjs/loader.js:585:3)
    at Module.require (internal/modules/cjs/loader.js:692:17)
    at require (internal/modules/cjs/helpers.js:25:18)
2020-08-19T12:46:15.571Z [undefined] error: uncaughtException: Route.put() requires a callback function but got a [object Undefined]
Error: Route.put() requires a callback function but got a [object Undefined]
    at Route.(anonymous function) [as put] (/Users/rohandua/Desktop/Square Panda/universal-logger/node_modules/express/lib/router/route.js:202:15)
    at Function.proto.(anonymous function) [as put] (/Users/rohandua/Desktop/Square Panda/universal-logger/node_modules/express/lib/router/index.js:510:19)
    at Object.<anonymous> (/Users/rohandua/Desktop/Square Panda/universal-logger/routes.js:15:8)
    at Module._compile (internal/modules/cjs/loader.js:778:30)
    at Object.Module._extensions..js (internal/modules/cjs/loader.js:789:10)
    at Module.load (internal/modules/cjs/loader.js:653:32)
    at tryModuleLoad (internal/modules/cjs/loader.js:593:12)
    at Function.Module._load (internal/modules/cjs/loader.js:585:3)
    at Module.require (internal/modules/cjs/loader.js:692:17)
    at require (internal/modules/cjs/helpers.js:25:18)
2020-08-19T12:48:10.019Z [3c7e7910-e21a-11ea-8bce-81a3a0e8d631] info: Ping
2020-08-19T12:57:53.176Z [98148f20-e21b-11ea-9e98-034d3b6fde4f] info: User Created with id
2020-08-19T12:59:46.534Z [dba63a40-e21b-11ea-a125-b3d2f63d03db] info: User Created with id
2020-08-19T12:59:46.585Z [dbae2980-e21b-11ea-a125-b3d2f63d03db] info: user Found
2020-08-19T13:15:19.202Z [078feaf0-e21e-11ea-9e29-53c87809aa8c] info: User Created with id
2020-08-19T13:15:19.256Z [07987670-e21e-11ea-9e29-53c87809aa8c] info: user Found
2020-08-19T13:16:59.388Z [43473da0-e21e-11ea-ac21-89fbb98755ea] info: user Found
2020-08-19T13:16:59.399Z [4341bf60-e21e-11ea-ac21-89fbb98755ea] info: User Created with id
2020-08-19T13:24:13.104Z [45c5b5b0-e21f-11ea-a42b-1b99b93d76e3] info: user Found
2020-08-19T13:24:13.117Z [45c5b5b0-e21f-11ea-a42b-1b99b93d76e3] info: User Created with id
2020-08-19T13:32:12.283Z [6367f690-e220-11ea-8f69-7730d6202463] info: return
2020-08-19T13:32:12.286Z [6367f690-e220-11ea-8f69-7730d6202463] info: Call Fn 3
2020-08-19T13:32:12.287Z [6367f690-e220-11ea-8f69-7730d6202463] info: Call Fn 2
2020-08-19T13:32:12.287Z [6367f690-e220-11ea-8f69-7730d6202463] info: Call Fn 1
